Trackie/app/build/intermediates/manifest_merge_blame_file/debug/manifest-merger-blame-debug-report.txt
1<?xml version="1.0" encoding="utf-8"?>
2<manifest xmlns:android="http://schemas.android.com/apk/res/android"
3    package="com.example.trackie"
4    android:versionCode="1"
5    android:versionName="1.0" >
6
7    <uses-sdk
8        android:minSdkVersion="26"
8-->src\main\AndroidManifest.xml
9        android:targetSdkVersion="30" />
9-->src\main\AndroidManifest.xml
10
11    <application
11-->src\main\AndroidManifest.xml:5:5-35:19
12        android:allowBackup="true"
12-->src\main\AndroidManifest.xml:6:9-35
13        android:appComponentFactory="androidx.core.app.CoreComponentFactory"
13-->[androidx.core:core:1.1.0] AndroidManifest.xml:24:18-86
14        android:debuggable="true"
15        android:extractNativeLibs="false"
16        android:icon="@mipmap/ic_launcher"
16-->src\main\AndroidManifest.xml:7:9-43
17        android:label="@string/app_name"
17-->src\main\AndroidManifest.xml:8:9-41
18        android:roundIcon="@mipmap/ic_launcher_round"
18-->src\main\AndroidManifest.xml:9:9-54
19        android:supportsRtl="true"
19-->src\main\AndroidManifest.xml:10:9-35
20        android:testOnly="true"
21        android:theme="@style/Theme.Trackie" >
21-->src\main\AndroidManifest.xml:11:9-45
22        <activity
22-->src\main\AndroidManifest.xml:13:9-17:20
23            android:name="com.example.trackie.ui.testmode.TestModeActivity"
23-->src\main\AndroidManifest.xml:14:13-57
24            android:label="@string/test_mode"
24-->src\main\AndroidManifest.xml:15:13-46
25            android:theme="@style/Theme.Trackie.NoActionBar" >
25-->src\main\AndroidManifest.xml:16:13-61
26        </activity>
27        <activity
27-->src\main\AndroidManifest.xml:19:9-23:20
28            android:name="com.example.trackie.ui.mapmode.MapModeActivity"
28-->src\main\AndroidManifest.xml:20:13-55
29            android:label="@string/map_mode"
29-->src\main\AndroidManifest.xml:21:13-45
30            android:theme="@style/Theme.Trackie.NoActionBar" >
30-->src\main\AndroidManifest.xml:22:13-61
31        </activity>
32        <activity
32-->src\main\AndroidManifest.xml:25:9-34:20
33            android:name="com.example.trackie.ui.MainActivity"
33-->src\main\AndroidManifest.xml:26:13-44
34            android:label="@string/app_name"
34-->src\main\AndroidManifest.xml:27:13-45
35            android:theme="@style/Theme.Trackie.NoActionBar" >
35-->src\main\AndroidManifest.xml:28:13-61
36            <intent-filter>
36-->src\main\AndroidManifest.xml:29:13-33:29
37                <action android:name="android.intent.action.MAIN" />
37-->src\main\AndroidManifest.xml:30:17-69
37-->src\main\AndroidManifest.xml:30:25-66
38
39                <category android:name="android.intent.category.LAUNCHER" />
39-->src\main\AndroidManifest.xml:32:17-77
39-->src\main\AndroidManifest.xml:32:27-74
40            </intent-filter>
41        </activity>
42    </application>
43
44</manifest>